This file contains any messages produced by compilers while
running configure, to aid debugging if configure makes a mistake.

It was created by MyARMProject configure 1.0, which was
generated by GNU Autoconf 2.69.  Invocation command line was

  $ /home/thangle/eclipse_workspace/MyARMProject/configure --build=x86_64-linux --host=arm-none-linux-gnueabi --target=arm-none-linux-gnueabi CROSS_COMPILE=arm-none-linux-gnueabi- ARCH=arm

## --------- ##
## Platform. ##
## --------- ##

hostname = ubuntu
uname -m = x86_64
uname -r = 3.13.0-74-generic
uname -s = Linux
uname -v = #118-Ubuntu SMP Thu Dec 17 22:52:10 UTC 2015

/usr/bin/uname -p = unknown
/bin/uname -X     = unknown

/bin/arch              = unknown
/usr/bin/arch -k       = unknown
/usr/convex/getsysinfo = unknown
/usr/bin/hostinfo      = unknown
/bin/machine           = unknown
/usr/bin/oslevel       = unknown
/bin/universe          = unknown

PATH: /home/thangle/CodeSourcery/Sourcery_CodeBench_Lite_for_ARM_GNU_Linux/bin
PATH: /home/thangle/CodeSourcery/Sourcery_CodeBench_Lite_for_ARM_GNU_Linux/bin_cache
PATH: /usr/local/sbin
PATH: /usr/local/bin
PATH: /usr/sbin
PATH: /usr/bin
PATH: /sbin
PATH: /bin
PATH: /usr/games
PATH: /usr/local/games
PATH: /home/thangle/CodeSourcery/Sourcery_CodeBench_Lite_for_ARM_GNU_Linux/bin
PATH: /home/thangle/CodeSourcery/Sourcery_CodeBench_Lite_for_ARM_GNU_Linux/bin/cache
PATH: /usr/lib/jvm/java-8-oracle/bin
PATH: /usr/lib/jvm/java-8-oracle/db/bin
PATH: /usr/lib/jvm/java-8-oracle/jre/bin


## ----------- ##
## Core tests. ##
## ----------- ##

configure:1884: checking build system type
configure:1898: result: x86_64-pc-linux-gnu
configure:1918: checking host system type
configure:1931: result: arm-none-linux-gnueabi
configure:1951: checking target system type
configure:1964: result: arm-none-linux-gnueabi
configure:2007: checking for a BSD-compatible install
configure:2075: result: /usr/bin/install -c
configure:2086: checking whether build environment is sane
configure:2141: result: yes
configure:2200: checking for arm-none-linux-gnueabi-strip
configure:2216: found /home/thangle/CodeSourcery/Sourcery_CodeBench_Lite_for_ARM_GNU_Linux/bin/arm-none-linux-gnueabi-strip
configure:2227: result: arm-none-linux-gnueabi-strip
configure:2292: checking for a thread-safe mkdir -p
configure:2331: result: /bin/mkdir -p
configure:2338: checking for gawk
configure:2368: result: no
configure:2338: checking for mawk
configure:2354: found /usr/bin/mawk
configure:2365: result: mawk
configure:2376: checking whether make sets $(MAKE)
configure:2398: result: yes
configure:2427: checking whether make supports nested variables
configure:2444: result: yes
configure:2584: checking for arm-none-linux-gnueabi-g++
configure:2600: found /home/thangle/CodeSourcery/Sourcery_CodeBench_Lite_for_ARM_GNU_Linux/bin/arm-none-linux-gnueabi-g++
configure:2611: result: arm-none-linux-gnueabi-g++
configure:2682: checking for C++ compiler version
configure:2691: arm-none-linux-gnueabi-g++ --version >&5
arm-none-linux-gnueabi-g++ (Sourcery CodeBench Lite 2013.05-24) 4.7.3
Copyright (C) 2012 Free Software Foundation, Inc.
This is free software; see the source for copying conditions.  There is NO
warranty; not even for MERCHANTABILITY or FITNESS FOR A PARTICULAR PURPOSE.

configure:2702: $? = 0
configure:2691: arm-none-linux-gnueabi-g++ -v >&5
Using built-in specs.
COLLECT_GCC=arm-none-linux-gnueabi-g++
COLLECT_LTO_WRAPPER=/home/thangle/CodeSourcery/Sourcery_CodeBench_Lite_for_ARM_GNU_Linux/bin/../libexec/gcc/arm-none-linux-gnueabi/4.7.3/lto-wrapper
Target: arm-none-linux-gnueabi
Configured with: /scratch/jbrown/2013.05-arm-linux-release/src/gcc-4.7-2013.05/configure --build=i686-pc-linux-gnu --host=i686-pc-linux-gnu --target=arm-none-linux-gnueabi --enable-threads --disable-libmudflap --disable-libssp --disable-libstdcxx-pch --enable-extra-sgxxlite-multilibs --with-arch=armv5te --with-gnu-as --with-gnu-ld --with-specs='%{save-temps: -fverbose-asm} %{funwind-tables|fno-unwind-tables|mabi=*|ffreestanding|nostdlib:;:-funwind-tables} -D__CS_SOURCERYGXX_MAJ__=2013 -D__CS_SOURCERYGXX_MIN__=5 -D__CS_SOURCERYGXX_REV__=24 %{O2:%{!fno-remove-local-statics: -fremove-local-statics}} %{O*:%{O|O0|O1|O2|Os:;:%{!fno-remove-local-statics: -fremove-local-statics}}}' --enable-languages=c,c++ --enable-shared --enable-lto --enable-symvers=gnu --enable-__cxa_atexit --with-pkgversion='Sourcery CodeBench Lite 2013.05-24' --with-bugurl=https://sourcery.mentor.com/GNUToolchain/ --disable-nls --prefix=/opt/codesourcery --with-sysroot=/opt/codesourcery/arm-none-linux-gnueabi/libc --with-build-sysroot=/scratch/jbrown/2013.05-arm-linux-release/install/arm-none-linux-gnueabi/libc --with-gmp=/scratch/jbrown/2013.05-arm-linux-release/obj/pkg-2013.05-24-arm-none-linux-gnueabi/arm-2013.05-24-arm-none-linux-gnueabi.extras/host-libs-i686-pc-linux-gnu/usr --with-mpfr=/scratch/jbrown/2013.05-arm-linux-release/obj/pkg-2013.05-24-arm-none-linux-gnueabi/arm-2013.05-24-arm-none-linux-gnueabi.extras/host-libs-i686-pc-linux-gnu/usr --with-mpc=/scratch/jbrown/2013.05-arm-linux-release/obj/pkg-2013.05-24-arm-none-linux-gnueabi/arm-2013.05-24-arm-none-linux-gnueabi.extras/host-libs-i686-pc-linux-gnu/usr --with-ppl=/scratch/jbrown/2013.05-arm-linux-release/obj/pkg-2013.05-24-arm-none-linux-gnueabi/arm-2013.05-24-arm-none-linux-gnueabi.extras/host-libs-i686-pc-linux-gnu/usr --with-host-libstdcxx='-static-libgcc -Wl,-Bstatic,-lstdc++,-Bdynamic -lm' --with-cloog=/scratch/jbrown/2013.05-arm-linux-release/obj/pkg-2013.05-24-arm-none-linux-gnueabi/arm-2013.05-24-arm-none-linux-gnueabi.extras/host-libs-i686-pc-linux-gnu/usr --with-libelf=/scratch/jbrown/2013.05-arm-linux-release/obj/pkg-2013.05-24-arm-none-linux-gnueabi/arm-2013.05-24-arm-none-linux-gnueabi.extras/host-libs-i686-pc-linux-gnu/usr --disable-libgomp --disable-libitm --enable-poison-system-directories --with-build-time-tools=/scratch/jbrown/2013.05-arm-linux-release/install/arm-none-linux-gnueabi/bin --with-build-time-tools=/scratch/jbrown/2013.05-arm-linux-release/install/arm-none-linux-gnueabi/bin
Thread model: posix
gcc version 4.7.3 (Sourcery CodeBench Lite 2013.05-24) 
configure:2702: $? = 0
configure:2691: arm-none-linux-gnueabi-g++ -V >&5
arm-none-linux-gnueabi-g++: error: unrecognized command line option '-V'
arm-none-linux-gnueabi-g++: fatal error: no input files
compilation terminated.
configure:2702: $? = 1
configure:2691: arm-none-linux-gnueabi-g++ -qversion >&5
arm-none-linux-gnueabi-g++: error: unrecognized command line option '-qversion'
arm-none-linux-gnueabi-g++: fatal error: no input files
compilation terminated.
configure:2702: $? = 1
configure:2722: checking whether the C++ compiler works
configure:2744: arm-none-linux-gnueabi-g++ -O2  -mcpu=arm926ej-s   conftest.cpp  >&5
configure:2748: $? = 0
configure:2796: result: yes
configure:2799: checking for C++ compiler default output file name
configure:2801: result: a.out
configure:2807: checking for suffix of executables
configure:2814: arm-none-linux-gnueabi-g++ -o conftest -O2  -mcpu=arm926ej-s   conftest.cpp  >&5
configure:2818: $? = 0
configure:2840: result: 
configure:2862: checking whether we are cross compiling
configure:2900: result: yes
configure:2905: checking for suffix of object files
configure:2927: arm-none-linux-gnueabi-g++ -c -O2  -mcpu=arm926ej-s  conftest.cpp >&5
configure:2931: $? = 0
configure:2952: result: o
configure:2956: checking whether we are using the GNU C++ compiler
configure:2975: arm-none-linux-gnueabi-g++ -c -O2  -mcpu=arm926ej-s  conftest.cpp >&5
configure:2975: $? = 0
configure:2984: result: yes
configure:2993: checking whether arm-none-linux-gnueabi-g++ accepts -g
configure:3013: arm-none-linux-gnueabi-g++ -c -g  conftest.cpp >&5
configure:3013: $? = 0
configure:3054: result: yes
configure:3088: checking for style of include used by make
configure:3116: result: GNU
configure:3142: checking dependency style of arm-none-linux-gnueabi-g++
configure:3253: result: gcc3
configure:3276: checking for arm-none-linux-gnueabi-gcc
configure:3292: found /home/thangle/CodeSourcery/Sourcery_CodeBench_Lite_for_ARM_GNU_Linux/bin/arm-none-linux-gnueabi-gcc
configure:3303: result: arm-none-linux-gnueabi-gcc
configure:3572: checking for C compiler version
configure:3581: arm-none-linux-gnueabi-gcc --version >&5
arm-none-linux-gnueabi-gcc (Sourcery CodeBench Lite 2013.05-24) 4.7.3
Copyright (C) 2012 Free Software Foundation, Inc.
This is free software; see the source for copying conditions.  There is NO
warranty; not even for MERCHANTABILITY or FITNESS FOR A PARTICULAR PURPOSE.

configure:3592: $? = 0
configure:3581: arm-none-linux-gnueabi-gcc -v >&5
Using built-in specs.
COLLECT_GCC=arm-none-linux-gnueabi-gcc
COLLECT_LTO_WRAPPER=/home/thangle/CodeSourcery/Sourcery_CodeBench_Lite_for_ARM_GNU_Linux/bin/../libexec/gcc/arm-none-linux-gnueabi/4.7.3/lto-wrapper
Target: arm-none-linux-gnueabi
Configured with: /scratch/jbrown/2013.05-arm-linux-release/src/gcc-4.7-2013.05/configure --build=i686-pc-linux-gnu --host=i686-pc-linux-gnu --target=arm-none-linux-gnueabi --enable-threads --disable-libmudflap --disable-libssp --disable-libstdcxx-pch --enable-extra-sgxxlite-multilibs --with-arch=armv5te --with-gnu-as --with-gnu-ld --with-specs='%{save-temps: -fverbose-asm} %{funwind-tables|fno-unwind-tables|mabi=*|ffreestanding|nostdlib:;:-funwind-tables} -D__CS_SOURCERYGXX_MAJ__=2013 -D__CS_SOURCERYGXX_MIN__=5 -D__CS_SOURCERYGXX_REV__=24 %{O2:%{!fno-remove-local-statics: -fremove-local-statics}} %{O*:%{O|O0|O1|O2|Os:;:%{!fno-remove-local-statics: -fremove-local-statics}}}' --enable-languages=c,c++ --enable-shared --enable-lto --enable-symvers=gnu --enable-__cxa_atexit --with-pkgversion='Sourcery CodeBench Lite 2013.05-24' --with-bugurl=https://sourcery.mentor.com/GNUToolchain/ --disable-nls --prefix=/opt/codesourcery --with-sysroot=/opt/codesourcery/arm-none-linux-gnueabi/libc --with-build-sysroot=/scratch/jbrown/2013.05-arm-linux-release/install/arm-none-linux-gnueabi/libc --with-gmp=/scratch/jbrown/2013.05-arm-linux-release/obj/pkg-2013.05-24-arm-none-linux-gnueabi/arm-2013.05-24-arm-none-linux-gnueabi.extras/host-libs-i686-pc-linux-gnu/usr --with-mpfr=/scratch/jbrown/2013.05-arm-linux-release/obj/pkg-2013.05-24-arm-none-linux-gnueabi/arm-2013.05-24-arm-none-linux-gnueabi.extras/host-libs-i686-pc-linux-gnu/usr --with-mpc=/scratch/jbrown/2013.05-arm-linux-release/obj/pkg-2013.05-24-arm-none-linux-gnueabi/arm-2013.05-24-arm-none-linux-gnueabi.extras/host-libs-i686-pc-linux-gnu/usr --with-ppl=/scratch/jbrown/2013.05-arm-linux-release/obj/pkg-2013.05-24-arm-none-linux-gnueabi/arm-2013.05-24-arm-none-linux-gnueabi.extras/host-libs-i686-pc-linux-gnu/usr --with-host-libstdcxx='-static-libgcc -Wl,-Bstatic,-lstdc++,-Bdynamic -lm' --with-cloog=/scratch/jbrown/2013.05-arm-linux-release/obj/pkg-2013.05-24-arm-none-linux-gnueabi/arm-2013.05-24-arm-none-linux-gnueabi.extras/host-libs-i686-pc-linux-gnu/usr --with-libelf=/scratch/jbrown/2013.05-arm-linux-release/obj/pkg-2013.05-24-arm-none-linux-gnueabi/arm-2013.05-24-arm-none-linux-gnueabi.extras/host-libs-i686-pc-linux-gnu/usr --disable-libgomp --disable-libitm --enable-poison-system-directories --with-build-time-tools=/scratch/jbrown/2013.05-arm-linux-release/install/arm-none-linux-gnueabi/bin --with-build-time-tools=/scratch/jbrown/2013.05-arm-linux-release/install/arm-none-linux-gnueabi/bin
Thread model: posix
gcc version 4.7.3 (Sourcery CodeBench Lite 2013.05-24) 
configure:3592: $? = 0
configure:3581: arm-none-linux-gnueabi-gcc -V >&5
arm-none-linux-gnueabi-gcc: error: unrecognized command line option '-V'
arm-none-linux-gnueabi-gcc: fatal error: no input files
compilation terminated.
configure:3592: $? = 1
configure:3581: arm-none-linux-gnueabi-gcc -qversion >&5
arm-none-linux-gnueabi-gcc: error: unrecognized command line option '-qversion'
arm-none-linux-gnueabi-gcc: fatal error: no input files
compilation terminated.
configure:3592: $? = 1
configure:3596: checking whether we are using the GNU C compiler
configure:3615: arm-none-linux-gnueabi-gcc -c -O2  -mcpu=arm926ej-s  -static  conftest.c >&5
configure:3615: $? = 0
configure:3624: result: yes
configure:3633: checking whether arm-none-linux-gnueabi-gcc accepts -g
configure:3653: arm-none-linux-gnueabi-gcc -c -g  conftest.c >&5
configure:3653: $? = 0
configure:3694: result: yes
configure:3711: checking for arm-none-linux-gnueabi-gcc option to accept ISO C89
configure:3774: arm-none-linux-gnueabi-gcc  -c -O2  -mcpu=arm926ej-s  -static  conftest.c >&5
configure:3774: $? = 0
configure:3787: result: none needed
configure:3812: checking whether arm-none-linux-gnueabi-gcc understands -c and -o together
configure:3834: arm-none-linux-gnueabi-gcc -c conftest.c -o conftest2.o
configure:3837: $? = 0
configure:3834: arm-none-linux-gnueabi-gcc -c conftest.c -o conftest2.o
configure:3837: $? = 0
configure:3849: result: yes
configure:3868: checking dependency style of arm-none-linux-gnueabi-gcc
configure:3979: result: gcc3
configure:4142: checking that generated files are newer than configure
configure:4148: result: done
configure:4175: creating ./config.status

## ---------------------- ##
## Running config.status. ##
## ---------------------- ##

This file was extended by MyARMProject config.status 1.0, which was
generated by GNU Autoconf 2.69.  Invocation command line was

  CONFIG_FILES    = 
  CONFIG_HEADERS  = 
  CONFIG_LINKS    = 
  CONFIG_COMMANDS = 
  $ ./config.status 

on ubuntu

config.status:791: creating Makefile
config.status:791: creating src/Makefile
config.status:963: executing depfiles commands

## ---------------- ##
## Cache variables. ##
## ---------------- ##

ac_cv_build=x86_64-pc-linux-gnu
ac_cv_c_compiler_gnu=yes
ac_cv_cxx_compiler_gnu=yes
ac_cv_env_CCC_set=
ac_cv_env_CCC_value=
ac_cv_env_CC_set=
ac_cv_env_CC_value=
ac_cv_env_CFLAGS_set=set
ac_cv_env_CFLAGS_value='-O2  -mcpu=arm926ej-s  -static'
ac_cv_env_CPPFLAGS_set=
ac_cv_env_CPPFLAGS_value=
ac_cv_env_CXXFLAGS_set=set
ac_cv_env_CXXFLAGS_value='-O2  -mcpu=arm926ej-s'
ac_cv_env_CXX_set=
ac_cv_env_CXX_value=
ac_cv_env_LDFLAGS_set=
ac_cv_env_LDFLAGS_value=
ac_cv_env_LIBS_set=
ac_cv_env_LIBS_value=
ac_cv_env_build_alias_set=set
ac_cv_env_build_alias_value=x86_64-linux
ac_cv_env_host_alias_set=set
ac_cv_env_host_alias_value=arm-none-linux-gnueabi
ac_cv_env_target_alias_set=set
ac_cv_env_target_alias_value=arm-none-linux-gnueabi
ac_cv_host=arm-none-linux-gnueabi
ac_cv_objext=o
ac_cv_path_install='/usr/bin/install -c'
ac_cv_path_mkdir=/bin/mkdir
ac_cv_prog_AWK=mawk
ac_cv_prog_CC=arm-none-linux-gnueabi-gcc
ac_cv_prog_CXX=arm-none-linux-gnueabi-g++
ac_cv_prog_STRIP=arm-none-linux-gnueabi-strip
ac_cv_prog_cc_c89=
ac_cv_prog_cc_g=yes
ac_cv_prog_cxx_g=yes
ac_cv_prog_make_make_set=yes
ac_cv_target=arm-none-linux-gnueabi
am_cv_CC_dependencies_compiler_type=gcc3
am_cv_CXX_dependencies_compiler_type=gcc3
am_cv_make_support_nested_variables=yes
am_cv_prog_cc_c_o=yes

## ----------------- ##
## Output variables. ##
## ----------------- ##

ACLOCAL='${SHELL} /home/thangle/eclipse_workspace/MyARMProject/missing aclocal-1.14'
AMDEPBACKSLASH='\'
AMDEP_FALSE='#'
AMDEP_TRUE=''
AMTAR='$${TAR-tar}'
AM_BACKSLASH='\'
AM_DEFAULT_V='$(AM_DEFAULT_VERBOSITY)'
AM_DEFAULT_VERBOSITY='1'
AM_V='$(V)'
AUTOCONF='${SHELL} /home/thangle/eclipse_workspace/MyARMProject/missing autoconf'
AUTOHEADER='${SHELL} /home/thangle/eclipse_workspace/MyARMProject/missing autoheader'
AUTOMAKE='${SHELL} /home/thangle/eclipse_workspace/MyARMProject/missing automake-1.14'
AWK='mawk'
CC='arm-none-linux-gnueabi-gcc'
CCDEPMODE='depmode=gcc3'
CFLAGS='-O2  -mcpu=arm926ej-s  -static'
CPPFLAGS=''
CXX='arm-none-linux-gnueabi-g++'
CXXDEPMODE='depmode=gcc3'
CXXFLAGS='-O2  -mcpu=arm926ej-s'
CYGPATH_W='echo'
DEFS='-DPACKAGE_NAME=\"MyARMProject\" -DPACKAGE_TARNAME=\"myarmproject\" -DPACKAGE_VERSION=\"1.0\" -DPACKAGE_STRING=\"MyARMProject\ 1.0\" -DPACKAGE_BUGREPORT=\"\" -DPACKAGE_URL=\"\" -DPACKAGE=\"myarmproject\" -DVERSION=\"1.0\"'
DEPDIR='.deps'
ECHO_C=''
ECHO_N='-n'
ECHO_T=''
EXEEXT=''
INSTALL_DATA='${INSTALL} -m 644'
INSTALL_PROGRAM='${INSTALL}'
INSTALL_SCRIPT='${INSTALL}'
INSTALL_STRIP_PROGRAM='$(install_sh) -c -s'
LDFLAGS=''
LIBOBJS=''
LIBS=''
LTLIBOBJS=''
MAKEINFO='${SHELL} /home/thangle/eclipse_workspace/MyARMProject/missing makeinfo'
MKDIR_P='/bin/mkdir -p'
OBJEXT='o'
PACKAGE='myarmproject'
PACKAGE_BUGREPORT=''
PACKAGE_NAME='MyARMProject'
PACKAGE_STRING='MyARMProject 1.0'
PACKAGE_TARNAME='myarmproject'
PACKAGE_URL=''
PACKAGE_VERSION='1.0'
PATH_SEPARATOR=':'
SET_MAKE=''
SHELL='/bin/sh'
STRIP='arm-none-linux-gnueabi-strip'
VERSION='1.0'
ac_ct_CC=''
ac_ct_CXX=''
am__EXEEXT_FALSE=''
am__EXEEXT_TRUE='#'
am__fastdepCC_FALSE='#'
am__fastdepCC_TRUE=''
am__fastdepCXX_FALSE='#'
am__fastdepCXX_TRUE=''
am__include='include'
am__isrc=''
am__leading_dot='.'
am__nodep='_no'
am__quote=''
am__tar='$${TAR-tar} chof - "$$tardir"'
am__untar='$${TAR-tar} xf -'
bindir='${exec_prefix}/bin'
build='x86_64-pc-linux-gnu'
build_alias='x86_64-linux'
build_cpu='x86_64'
build_os='linux-gnu'
build_vendor='pc'
datadir='${datarootdir}'
datarootdir='${prefix}/share'
docdir='${datarootdir}/doc/${PACKAGE_TARNAME}'
dvidir='${docdir}'
exec_prefix='${prefix}'
host='arm-none-linux-gnueabi'
host_alias='arm-none-linux-gnueabi'
host_cpu='arm'
host_os='linux-gnueabi'
host_vendor='none'
htmldir='${docdir}'
includedir='${prefix}/include'
infodir='${datarootdir}/info'
install_sh='${SHELL} /home/thangle/eclipse_workspace/MyARMProject/install-sh'
libdir='${exec_prefix}/lib'
libexecdir='${exec_prefix}/libexec'
localedir='${datarootdir}/locale'
localstatedir='${prefix}/var'
mandir='${datarootdir}/man'
mkdir_p='$(MKDIR_P)'
oldincludedir='/usr/include'
pdfdir='${docdir}'
prefix='/usr/local'
program_transform_name='s&^&arm-none-linux-gnueabi-&'
psdir='${docdir}'
sbindir='${exec_prefix}/sbin'
sharedstatedir='${prefix}/com'
sysconfdir='${prefix}/etc'
target='arm-none-linux-gnueabi'
target_alias='arm-none-linux-gnueabi'
target_cpu='arm'
target_os='linux-gnueabi'
target_vendor='none'

## ----------- ##
## confdefs.h. ##
## ----------- ##

/* confdefs.h */
#define PACKAGE_NAME "MyARMProject"
#define PACKAGE_TARNAME "myarmproject"
#define PACKAGE_VERSION "1.0"
#define PACKAGE_STRING "MyARMProject 1.0"
#define PACKAGE_BUGREPORT ""
#define PACKAGE_URL ""
#define PACKAGE "myarmproject"
#define VERSION "1.0"

configure: exit 0
